build/app/intermediates/manifest_merge_blame_file/release/manifest-merger-blame-release-report.txt
1<?xml version="1.0" encoding="utf-8"?>
2<manifest xmlns:android="http://schemas.android.com/apk/res/android"
3    package="com.wayforce.wayforce"
4    android:versionCode="1"
5    android:versionName="1.0.0" >
6
7    <uses-sdk
8        android:minSdkVersion="21"
8-->src/main/AndroidManifest.xml
9        android:targetSdkVersion="33" />
9-->src/main/AndroidManifest.xml
10
11    <uses-permission android:name="android.permission.INTERNET" />
11-->src/main/AndroidManifest.xml:3:5-66
11-->src/main/AndroidManifest.xml:3:22-64
12    <uses-permission android:name="android.permission.CALL_PHONE" />
12-->src/main/AndroidManifest.xml:4:5-69
12-->src/main/AndroidManifest.xml:4:22-66
13    <uses-permission
13-->src/main/AndroidManifest.xml:6:5-80
14        android:name="android.permission.READ_EXTERNAL_STORAGE"
14-->src/main/AndroidManifest.xml:6:22-77
15        android:maxSdkVersion="32" />
15-->[:file_picker] AndroidManifest.xml:11:9-35
16    <uses-permission android:name="android.permission.WRITE_EXTERNAL_STORAGE" />
16-->src/main/AndroidManifest.xml:7:5-81
16-->src/main/AndroidManifest.xml:7:22-78
17    <uses-permission android:name="android.permission.CAMERA" />
17-->src/main/AndroidManifest.xml:8:5-65
17-->src/main/AndroidManifest.xml:8:22-62
18    <uses-permission android:name="android.permission.ACCESS_COARSE_LOCATION" />
18-->src/main/AndroidManifest.xml:9:5-81
18-->src/main/AndroidManifest.xml:9:22-78
19    <uses-permission android:name="android.permission.ACCESS_FINE_LOCATION" />
19-->src/main/AndroidManifest.xml:10:5-79
19-->src/main/AndroidManifest.xml:10:22-76
20    <uses-permission android:name="android.permission.FOREGROUND_SERVICE" />
20-->src/main/AndroidManifest.xml:11:5-77
20-->src/main/AndroidManifest.xml:11:22-74
21    <uses-permission android:name="android.permission.ACCESS_BACKGROUND_LOCATION" />
21-->src/main/AndroidManifest.xml:12:5-84
21-->src/main/AndroidManifest.xml:12:22-82
22    <uses-permission android:name="android.permission.INTERNET" />
22-->src/main/AndroidManifest.xml:3:5-66
22-->src/main/AndroidManifest.xml:3:22-64
23
24    <!-- for android 13 and above -->
25    <uses-permission android:name="android.permission.READ_MEDIA_IMAGES" /> <!-- For Images -->
25-->src/main/AndroidManifest.xml:16:5-76
25-->src/main/AndroidManifest.xml:16:22-73
26    <uses-permission android:name="android.permission.READ_MEDIA_VIDEOS" /> <!-- For video -->
26-->src/main/AndroidManifest.xml:17:5-76
26-->src/main/AndroidManifest.xml:17:22-73
27    <uses-permission android:name="android.permission.READ_MEDIA_AUDIO" /> <!-- For Audio -->
27-->src/main/AndroidManifest.xml:18:5-75
27-->src/main/AndroidManifest.xml:18:22-72
28
29    <uses-permission android:name="android.permission.POST_NOTIFICATIONS" />
29-->src/main/AndroidManifest.xml:20:5-76
29-->src/main/AndroidManifest.xml:20:22-74
30    <uses-permission android:name="android.permission.WAKE_LOCK" />
30-->src/main/AndroidManifest.xml:21:5-68
30-->src/main/AndroidManifest.xml:21:22-65
31    <uses-permission android:name="android.permission.ACCESS_NETWORK_STATE" />
31-->[:firebase_messaging] AndroidManifest.xml:11:5-79
31-->[:firebase_messaging] AndroidManifest.xml:11:22-76
32    <uses-permission android:name="android.permission.VIBRATE" />
32-->[:flutter_local_notifications] AndroidManifest.xml:9:5-66
32-->[:flutter_local_notifications] AndroidManifest.xml:9:22-63
33
34    <queries>
34-->[:file_picker] AndroidManifest.xml:13:5-19:15
35        <intent>
35-->[:file_picker] AndroidManifest.xml:14:9-18:18
36            <action android:name="android.intent.action.GET_CONTENT" />
36-->[:file_picker] AndroidManifest.xml:15:13-72
36-->[:file_picker] AndroidManifest.xml:15:21-69
37
38            <data android:mimeType="*/*" />
38-->[:file_picker] AndroidManifest.xml:17:13-44
38-->[:file_picker] AndroidManifest.xml:17:19-41
39        </intent>
40
41        <package android:name="com.wayforce.wayforce" />
41-->[:images_picker] AndroidManifest.xml:10:9-52
41-->[:images_picker] AndroidManifest.xml:10:18-49
42
43        <intent>
43-->[:images_picker] AndroidManifest.xml:12:9-14:18
44            <action android:name="android.media.action.IMAGE_CAPTURE" />
44-->[:images_picker] AndroidManifest.xml:13:13-73
44-->[:images_picker] AndroidManifest.xml:13:21-70
45        </intent>
46        <intent>
46-->[:images_picker] AndroidManifest.xml:15:9-17:18
47            <action android:name="android.media.action.ACTION_VIDEO_CAPTURE" />
47-->[:images_picker] AndroidManifest.xml:16:13-80
47-->[:images_picker] AndroidManifest.xml:16:21-77
48        </intent>
49        <intent>
49-->[com.google.firebase:firebase-inappmessaging-display:21.0.0] AndroidManifest.xml:11:9-15:18
50            <action android:name="android.intent.action.VIEW" />
50-->[com.google.firebase:firebase-inappmessaging-display:21.0.0] AndroidManifest.xml:12:13-65
50-->[com.google.firebase:firebase-inappmessaging-display:21.0.0] AndroidManifest.xml:12:21-62
51
52            <data android:scheme="https" />
52-->[:file_picker] AndroidManifest.xml:17:13-44
53        </intent> <!-- Needs to be explicitly declared on Android R+ -->
54        <package android:name="com.google.android.apps.maps" />
54-->[com.google.android.gms:play-services-maps:18.2.0] AndroidManifest.xml:33:9-64
54-->[com.google.android.gms:play-services-maps:18.2.0] AndroidManifest.xml:33:18-61
55    </queries>
56
57    <uses-permission android:name="android.permission.READ_PHONE_STATE" />
58    <uses-permission android:name="android.permission.BROADCAST_CLOSE_SYSTEM_DIALOGS" />
58-->[:awesome_notifications] AndroidManifest.xml:10:5-89
58-->[:awesome_notifications] AndroidManifest.xml:10:22-86
59    <uses-permission android:name="android.permission.RECEIVE_BOOT_COMPLETED" />
59-->[:awesome_notifications] AndroidManifest.xml:11:5-81
59-->[:awesome_notifications] AndroidManifest.xml:11:22-78
60    <uses-permission android:name="android.permission.RECORD_AUDIO" />
60-->[:images_picker] AndroidManifest.xml:23:5-71
60-->[:images_picker] AndroidManifest.xml:23:22-68
61    <uses-permission
61-->[me.carda:AndroidAwnCore:0.9.3] AndroidManifest.xml:10:5-12:38
62        android:name="android.permission.BIND_NOTIFICATION_LISTENER_SERVICE"
62-->[me.carda:AndroidAwnCore:0.9.3] AndroidManifest.xml:11:9-77
63        android:maxSdkVersion="22" /> <!-- Required by older versions of Google Play services to create IID tokens -->
63-->[me.carda:AndroidAwnCore:0.9.3] AndroidManifest.xml:12:9-35
64    <uses-permission android:name="com.google.android.c2dm.permission.RECEIVE" />
64-->[com.google.firebase:firebase-messaging:24.0.0] AndroidManifest.xml:26:5-82
64-->[com.google.firebase:firebase-messaging:24.0.0] AndroidManifest.xml:26:22-79
65    <uses-permission android:name="com.google.android.gms.permission.AD_ID" />
65-->[com.google.android.gms:play-services-measurement-api:22.0.1] AndroidManifest.xml:25:5-79
65-->[com.google.android.gms:play-services-measurement-api:22.0.1] AndroidManifest.xml:25:22-76
66    <uses-permission android:name="android.permission.ACCESS_ADSERVICES_ATTRIBUTION" />
66-->[com.google.android.gms:play-services-measurement-api:22.0.1] AndroidManifest.xml:26:5-88
66-->[com.google.android.gms:play-services-measurement-api:22.0.1] AndroidManifest.xml:26:22-85
67    <uses-permission android:name="android.permission.ACCESS_ADSERVICES_AD_ID" />
67-->[com.google.android.gms:play-services-measurement-api:22.0.1] AndroidManifest.xml:27:5-82
67-->[com.google.android.gms:play-services-measurement-api:22.0.1] AndroidManifest.xml:27:22-79
68    <uses-permission android:name="com.google.android.finsky.permission.BIND_GET_INSTALL_REFERRER_SERVICE" />
68-->[com.google.android.gms:play-services-measurement:22.0.1] AndroidManifest.xml:26:5-110
68-->[com.google.android.gms:play-services-measurement:22.0.1] AndroidManifest.xml:26:22-107
69
70    <uses-feature
70-->[com.google.android.gms:play-services-maps:18.2.0] AndroidManifest.xml:26:5-28:35
71        android:glEsVersion="0x00020000"
71-->[com.google.android.gms:play-services-maps:18.2.0] AndroidManifest.xml:27:9-41
72        android:required="true" />
72-->[com.google.android.gms:play-services-maps:18.2.0] AndroidManifest.xml:28:9-32
73
74    <permission
74-->[androidx.core:core:1.10.1] AndroidManifest.xml:22:5-24:47
75        android:name="com.wayforce.wayforce.DYNAMIC_RECEIVER_NOT_EXPORTED_PERMISSION"
75-->[androidx.core:core:1.10.1] AndroidManifest.xml:23:9-81
76        android:protectionLevel="signature" />
76-->[androidx.core:core:1.10.1] AndroidManifest.xml:24:9-44
77
78    <uses-permission android:name="com.wayforce.wayforce.DYNAMIC_RECEIVER_NOT_EXPORTED_PERMISSION" />
78-->[androidx.core:core:1.10.1] AndroidManifest.xml:26:5-97
78-->[androidx.core:core:1.10.1] AndroidManifest.xml:26:22-94
79    <uses-permission android:name="android.permission.ACCESS_WIFI_STATE" /> <!-- for android -->
79-->[com.amazonaws:aws-android-sdk-auth-userpools:2.16.6] AndroidManifest.xml:6:5-75
79-->[com.amazonaws:aws-android-sdk-auth-userpools:2.16.6] AndroidManifest.xml:6:22-73
80    <!-- <uses-permission android:name="com.android.launcher.permission.READ_SETTINGS"/> -->
81    <!-- <uses-permission android:name="com.android.launcher.permission.WRITE_SETTINGS"/> -->
82    <!-- <uses-permission android:name="com.android.launcher.permission.INSTALL_SHORTCUT" /> -->
83    <!-- <uses-permission android:name="com.android.launcher.permission.UNINSTALL_SHORTCUT" /> -->
84    <!-- for Samsung -->
85    <uses-permission android:name="com.sec.android.provider.badge.permission.READ" />
85-->[me.leolin:ShortcutBadger:1.1.22] AndroidManifest.xml:19:5-86
85-->[me.leolin:ShortcutBadger:1.1.22] AndroidManifest.xml:19:22-83
86    <uses-permission android:name="com.sec.android.provider.badge.permission.WRITE" /> <!-- for htc -->
86-->[me.leolin:ShortcutBadger:1.1.22] AndroidManifest.xml:20:5-87
86-->[me.leolin:ShortcutBadger:1.1.22] AndroidManifest.xml:20:22-84
87    <uses-permission android:name="com.htc.launcher.permission.READ_SETTINGS" />
87-->[me.leolin:ShortcutBadger:1.1.22] AndroidManifest.xml:23:5-81
87-->[me.leolin:ShortcutBadger:1.1.22] AndroidManifest.xml:23:22-78
88    <uses-permission android:name="com.htc.launcher.permission.UPDATE_SHORTCUT" /> <!-- for sony -->
88-->[me.leolin:ShortcutBadger:1.1.22] AndroidManifest.xml:24:5-83
88-->[me.leolin:ShortcutBadger:1.1.22] AndroidManifest.xml:24:22-80
89    <uses-permission android:name="com.sonyericsson.home.permission.BROADCAST_BADGE" />
89-->[me.leolin:ShortcutBadger:1.1.22] AndroidManifest.xml:27:5-88
89-->[me.leolin:ShortcutBadger:1.1.22] AndroidManifest.xml:27:22-85
90    <uses-permission android:name="com.sonymobile.home.permission.PROVIDER_INSERT_BADGE" /> <!-- for apex -->
90-->[me.leolin:ShortcutBadger:1.1.22] AndroidManifest.xml:28:5-92
90-->[me.leolin:ShortcutBadger:1.1.22] AndroidManifest.xml:28:22-89
91    <uses-permission android:name="com.anddoes.launcher.permission.UPDATE_COUNT" /> <!-- for solid -->
91-->[me.leolin:ShortcutBadger:1.1.22] AndroidManifest.xml:31:5-84
91-->[me.leolin:ShortcutBadger:1.1.22] AndroidManifest.xml:31:22-81
92    <uses-permission android:name="com.majeur.launcher.permission.UPDATE_BADGE" /> <!-- for huawei -->
92-->[me.leolin:ShortcutBadger:1.1.22] AndroidManifest.xml:34:5-83
92-->[me.leolin:ShortcutBadger:1.1.22] AndroidManifest.xml:34:22-80
93    <uses-permission android:name="com.huawei.android.launcher.permission.CHANGE_BADGE" />
93-->[me.leolin:ShortcutBadger:1.1.22] AndroidManifest.xml:37:5-91
93-->[me.leolin:ShortcutBadger:1.1.22] AndroidManifest.xml:37:22-88
94    <uses-permission android:name="com.huawei.android.launcher.permission.READ_SETTINGS" />
94-->[me.leolin:ShortcutBadger:1.1.22] AndroidManifest.xml:38:5-92
94-->[me.leolin:ShortcutBadger:1.1.22] AndroidManifest.xml:38:22-89
95    <uses-permission android:name="com.huawei.android.launcher.permission.WRITE_SETTINGS" /> <!-- for ZUK -->
95-->[me.leolin:ShortcutBadger:1.1.22] AndroidManifest.xml:39:5-93
95-->[me.leolin:ShortcutBadger:1.1.22] AndroidManifest.xml:39:22-90
96    <uses-permission android:name="android.permission.READ_APP_BADGE" /> <!-- for OPPO -->
96-->[me.leolin:ShortcutBadger:1.1.22] AndroidManifest.xml:42:5-73
96-->[me.leolin:ShortcutBadger:1.1.22] AndroidManifest.xml:42:22-70
97    <uses-permission android:name="com.oppo.launcher.permission.READ_SETTINGS" />
97-->[me.leolin:ShortcutBadger:1.1.22] AndroidManifest.xml:45:5-82
97-->[me.leolin:ShortcutBadger:1.1.22] AndroidManifest.xml:45:22-79
98    <uses-permission android:name="com.oppo.launcher.permission.WRITE_SETTINGS" /> <!-- for EvMe -->
98-->[me.leolin:ShortcutBadger:1.1.22] AndroidManifest.xml:46:5-83
98-->[me.leolin:ShortcutBadger:1.1.22] AndroidManifest.xml:46:22-80
99    <uses-permission android:name="me.everything.badger.permission.BADGE_COUNT_READ" />
99-->[me.leolin:ShortcutBadger:1.1.22] AndroidManifest.xml:49:5-88
99-->[me.leolin:ShortcutBadger:1.1.22] AndroidManifest.xml:49:22-85
100    <uses-permission android:name="me.everything.badger.permission.BADGE_COUNT_WRITE" />
100-->[me.leolin:ShortcutBadger:1.1.22] AndroidManifest.xml:50:5-89
100-->[me.leolin:ShortcutBadger:1.1.22] AndroidManifest.xml:50:22-86
101
102    <application
103        android:name="android.app.Application"
103-->src/main/AndroidManifest.xml:25:9-42
104        android:appComponentFactory="androidx.core.app.CoreComponentFactory"
104-->[androidx.core:core:1.10.1] AndroidManifest.xml:28:18-86
105        android:icon="@mipmap/ic_launcher"
105-->src/main/AndroidManifest.xml:26:9-43
106        android:label="WayForce"
106-->src/main/AndroidManifest.xml:24:9-33
107        android:supportsRtl="true" >
107-->[com.amazonaws:aws-android-sdk-auth-ui:2.6.10] AndroidManifest.xml:7:18-44
108        <activity
108-->src/main/AndroidManifest.xml:27:9-54:20
109            android:name="com.wayforce.wayforce.MainActivity"
109-->src/main/AndroidManifest.xml:28:13-41
110            android:configChanges="orientation|keyboardHidden|keyboard|screenSize|smallestScreenSize|locale|layoutDirection|fontScale|screenLayout|density|uiMode"
110-->src/main/AndroidManifest.xml:33:13-163
111            android:exported="true"
111-->src/main/AndroidManifest.xml:29:13-36
112            android:hardwareAccelerated="true"
112-->src/main/AndroidManifest.xml:34:13-47
113            android:launchMode="singleTop"
113-->src/main/AndroidManifest.xml:31:13-43
114            android:theme="@style/LaunchTheme"
114-->src/main/AndroidManifest.xml:32:13-47
115            android:usesCleartextTraffic="true"
115-->src/main/AndroidManifest.xml:30:13-48
116            android:windowSoftInputMode="adjustResize" >
116-->src/main/AndroidManifest.xml:35:13-55
117
118            <!--
119                 Specifies an Android theme to apply to this Activity as soon as
120                 the Android process has started. This theme is visible to the user
121                 while the Flutter UI initializes. After that, this theme continues
122                 to determine the Window background behind the Flutter UI.
123            -->
124            <meta-data
124-->src/main/AndroidManifest.xml:40:13-43:17
125                android:name="io.flutter.embedding.android.NormalTheme"
125-->src/main/AndroidManifest.xml:41:15-70
126                android:resource="@style/NormalTheme" />
126-->src/main/AndroidManifest.xml:42:15-52
127            <!--
128                <meta-data
129                android:name="com.google.firebase.messaging.default_notification_channel_id"
130                android:value="wayforceNotification"/>
131            -->
132            <meta-data
132-->src/main/AndroidManifest.xml:47:17-49:55
133                android:name="com.google.firebase.messaging.default_notification_channel_id"
133-->src/main/AndroidManifest.xml:48:17-93
134                android:value="wayforcenotification" />
134-->src/main/AndroidManifest.xml:49:17-53
135
136            <intent-filter>
136-->src/main/AndroidManifest.xml:50:13-53:29
137                <action android:name="android.intent.action.MAIN" />
137-->src/main/AndroidManifest.xml:51:17-68
137-->src/main/AndroidManifest.xml:51:25-66
138
139                <category android:name="android.intent.category.LAUNCHER" />
139-->src/main/AndroidManifest.xml:52:17-76
139-->src/main/AndroidManifest.xml:52:27-74
140            </intent-filter>
141        </activity>
142        <!--
143             Don't delete the meta-data below.
144             This is used by the Flutter tool to generate GeneratedPluginRegistrant.java
145        -->
146        <meta-data
146-->src/main/AndroidManifest.xml:57:9-59:34
147            android:name="flutterEmbedding"
147-->src/main/AndroidManifest.xml:58:13-44
148            android:value="2" />
148-->src/main/AndroidManifest.xml:59:13-30
149        <meta-data
149-->src/main/AndroidManifest.xml:61:13-63:18
150            android:name="com.google.android.geo.API_KEY"
150-->src/main/AndroidManifest.xml:61:24-69
151            android:value="AIzaSyDPqZ0_gzMHgTKMc9l6F_VKZOpaX4eytkE" />
151-->src/main/AndroidManifest.xml:62:16-71
152
153        <service
153-->[:firebase_messaging] AndroidManifest.xml:16:9-19:72
154            android:name="io.flutter.plugins.firebase.messaging.FlutterFirebaseMessagingBackgroundService"
154-->[:firebase_messaging] AndroidManifest.xml:17:13-107
155            android:exported="false"
155-->[:firebase_messaging] AndroidManifest.xml:18:13-37
156            android:permission="android.permission.BIND_JOB_SERVICE" />
156-->[:firebase_messaging] AndroidManifest.xml:19:13-69
157        <service
157-->[:firebase_messaging] AndroidManifest.xml:20:9-26:19
158            android:name="io.flutter.plugins.firebase.messaging.FlutterFirebaseMessagingService"
158-->[:firebase_messaging] AndroidManifest.xml:21:13-97
159            android:exported="false" >
159-->[:firebase_messaging] AndroidManifest.xml:22:13-37
160            <intent-filter>
160-->[:firebase_messaging] AndroidManifest.xml:23:13-25:29
161                <action android:name="com.google.firebase.MESSAGING_EVENT" />
161-->[:firebase_messaging] AndroidManifest.xml:24:17-78
161-->[:firebase_messaging] AndroidManifest.xml:24:25-75
162            </intent-filter>
163        </service>
164
165        <receiver
165-->[:firebase_messaging] AndroidManifest.xml:28:9-35:20
166            android:name="io.flutter.plugins.firebase.messaging.FlutterFirebaseMessagingReceiver"
166-->[:firebase_messaging] AndroidManifest.xml:29:13-98
167            android:exported="true"
167-->[:firebase_messaging] AndroidManifest.xml:30:13-36
168            android:permission="com.google.android.c2dm.permission.SEND" >
168-->[:firebase_messaging] AndroidManifest.xml:31:13-73
169            <intent-filter>
169-->[:firebase_messaging] AndroidManifest.xml:32:13-34:29
170                <action android:name="com.google.android.c2dm.intent.RECEIVE" />
170-->[:firebase_messaging] AndroidManifest.xml:33:17-81
170-->[:firebase_messaging] AndroidManifest.xml:33:25-78
171            </intent-filter>
172        </receiver>
173
174        <service
174-->[:firebase_messaging] AndroidManifest.xml:37:9-41:19
175            android:name="com.google.firebase.components.ComponentDiscoveryService"
175-->[:firebase_messaging] AndroidManifest.xml:37:18-89
176            android:directBootAware="true"
176-->[com.google.firebase:firebase-common:21.0.0] AndroidManifest.xml:32:13-43
177            android:exported="false" >
177-->[com.google.firebase:firebase-inappmessaging-display:21.0.0] AndroidManifest.xml:21:13-37
178            <meta-data
178-->[:firebase_messaging] AndroidManifest.xml:38:13-40:85
179                android:name="com.google.firebase.components:io.flutter.plugins.firebase.messaging.FlutterFirebaseAppRegistrar"
179-->[:firebase_messaging] AndroidManifest.xml:39:17-128
180                android:value="com.google.firebase.components.ComponentRegistrar" />
180-->[:firebase_messaging] AndroidManifest.xml:40:17-82
181            <meta-data
181-->[:cloud_firestore] AndroidManifest.xml:11:13-13:85
182                android:name="com.google.firebase.components:io.flutter.plugins.firebase.firestore.FlutterFirebaseFirestoreRegistrar"
182-->[:cloud_firestore] AndroidManifest.xml:12:17-134
183                android:value="com.google.firebase.components.ComponentRegistrar" />
183-->[:cloud_firestore] AndroidManifest.xml:13:17-82
184            <meta-data
184-->[:firebase_analytics] AndroidManifest.xml:15:13-17:85
185                android:name="com.google.firebase.components:io.flutter.plugins.firebase.analytics.FlutterFirebaseAppRegistrar"
185-->[:firebase_analytics] AndroidManifest.xml:16:17-128
186                android:value="com.google.firebase.components.ComponentRegistrar" />
186-->[:firebase_analytics] AndroidManifest.xml:17:17-82
187            <meta-data
187-->[:firebase_in_app_messaging] AndroidManifest.xml:11:13-13:85
188                android:name="com.google.firebase.components:io.flutter.plugins.firebase.inappmessaging.FlutterFirebaseAppRegistrar"
188-->[:firebase_in_app_messaging] AndroidManifest.xml:12:17-133
189                android:value="com.google.firebase.components.ComponentRegistrar" />
189-->[:firebase_in_app_messaging] AndroidManifest.xml:13:17-82
190            <meta-data
190-->[:firebase_core] AndroidManifest.xml:11:13-13:85
191                android:name="com.google.firebase.components:io.flutter.plugins.firebase.core.FlutterFirebaseCoreRegistrar"
191-->[:firebase_core] AndroidManifest.xml:12:17-124
192                android:value="com.google.firebase.components.ComponentRegistrar" />
192-->[:firebase_core] AndroidManifest.xml:13:17-82
193            <meta-data
193-->[com.google.firebase:firebase-inappmessaging-display:21.0.0] AndroidManifest.xml:22:13-24:85
194                android:name="com.google.firebase.components:com.google.firebase.inappmessaging.display.FirebaseInAppMessagingDisplayKtxRegistrar"
194-->[com.google.firebase:firebase-inappmessaging-display:21.0.0] AndroidManifest.xml:23:17-147
195                android:value="com.google.firebase.components.ComponentRegistrar" />
195-->[com.google.firebase:firebase-inappmessaging-display:21.0.0] AndroidManifest.xml:24:17-82
196            <meta-data
196-->[com.google.firebase:firebase-inappmessaging-display:21.0.0] AndroidManifest.xml:25:13-27:85
197                android:name="com.google.firebase.components:com.google.firebase.inappmessaging.display.FirebaseInAppMessagingDisplayRegistrar"
197-->[com.google.firebase:firebase-inappmessaging-display:21.0.0] AndroidManifest.xml:26:17-144
198                android:value="com.google.firebase.components.ComponentRegistrar" />
198-->[com.google.firebase:firebase-inappmessaging-display:21.0.0] AndroidManifest.xml:27:17-82
199            <meta-data
199-->[com.google.firebase:firebase-analytics-ktx:22.0.1] AndroidManifest.xml:11:13-13:85
200                android:name="com.google.firebase.components:com.google.firebase.analytics.ktx.FirebaseAnalyticsLegacyRegistrar"
200-->[com.google.firebase:firebase-analytics-ktx:22.0.1] AndroidManifest.xml:12:17-129
201                android:value="com.google.firebase.components.ComponentRegistrar" />
201-->[com.google.firebase:firebase-analytics-ktx:22.0.1] AndroidManifest.xml:13:17-82
202            <meta-data
202-->[com.google.firebase:firebase-messaging:24.0.0] AndroidManifest.xml:57:13-59:85
203                android:name="com.google.firebase.components:com.google.firebase.messaging.FirebaseMessagingKtxRegistrar"
203-->[com.google.firebase:firebase-messaging:24.0.0] AndroidManifest.xml:58:17-122
204                android:value="com.google.firebase.components.ComponentRegistrar" />
204-->[com.google.firebase:firebase-messaging:24.0.0] AndroidManifest.xml:59:17-82
205            <meta-data
205-->[com.google.firebase:firebase-messaging:24.0.0] AndroidManifest.xml:60:13-62:85
206                android:name="com.google.firebase.components:com.google.firebase.messaging.FirebaseMessagingRegistrar"
206-->[com.google.firebase:firebase-messaging:24.0.0] AndroidManifest.xml:61:17-119
207                android:value="com.google.firebase.components.ComponentRegistrar" />
207-->[com.google.firebase:firebase-messaging:24.0.0] AndroidManifest.xml:62:17-82
208            <meta-data
208-->[com.google.firebase:firebase-firestore:25.0.0] AndroidManifest.xml:17:13-19:85
209                android:name="com.google.firebase.components:com.google.firebase.firestore.FirebaseFirestoreKtxRegistrar"
209-->[com.google.firebase:firebase-firestore:25.0.0] AndroidManifest.xml:18:17-122
210                android:value="com.google.firebase.components.ComponentRegistrar" />
210-->[com.google.firebase:firebase-firestore:25.0.0] AndroidManifest.xml:19:17-82
211            <meta-data
211-->[com.google.firebase:firebase-firestore:25.0.0] AndroidManifest.xml:20:13-22:85
212                android:name="com.google.firebase.components:com.google.firebase.firestore.FirestoreRegistrar"
212-->[com.google.firebase:firebase-firestore:25.0.0] AndroidManifest.xml:21:17-111
213                android:value="com.google.firebase.components.ComponentRegistrar" />
213-->[com.google.firebase:firebase-firestore:25.0.0] AndroidManifest.xml:22:17-82
214            <meta-data
214-->[com.google.android.gms:play-services-measurement-api:22.0.1] AndroidManifest.xml:37:13-39:85
215                android:name="com.google.firebase.components:com.google.firebase.analytics.connector.internal.AnalyticsConnectorRegistrar"
215-->[com.google.android.gms:play-services-measurement-api:22.0.1] AndroidManifest.xml:38:17-139
216                android:value="com.google.firebase.components.ComponentRegistrar" />
216-->[com.google.android.gms:play-services-measurement-api:22.0.1] AndroidManifest.xml:39:17-82
217            <meta-data
217-->[com.google.firebase:firebase-inappmessaging:21.0.0] AndroidManifest.xml:14:13-16:85
218                android:name="com.google.firebase.components:com.google.firebase.inappmessaging.FirebaseInAppMessagingKtxRegistrar"
218-->[com.google.firebase:firebase-inappmessaging:21.0.0] AndroidManifest.xml:15:17-132
219                android:value="com.google.firebase.components.ComponentRegistrar" />
219-->[com.google.firebase:firebase-inappmessaging:21.0.0] AndroidManifest.xml:16:17-82
220            <meta-data
220-->[com.google.firebase:firebase-inappmessaging:21.0.0] AndroidManifest.xml:17:13-19:85
221                android:name="com.google.firebase.components:com.google.firebase.inappmessaging.FirebaseInAppMessagingRegistrar"
221-->[com.google.firebase:firebase-inappmessaging:21.0.0] AndroidManifest.xml:18:17-129
222                android:value="com.google.firebase.components.ComponentRegistrar" />
222-->[com.google.firebase:firebase-inappmessaging:21.0.0] AndroidManifest.xml:19:17-82
223            <meta-data
223-->[com.google.firebase:firebase-installations:18.0.0] AndroidManifest.xml:15:13-17:85
224                android:name="com.google.firebase.components:com.google.firebase.installations.FirebaseInstallationsKtxRegistrar"
224-->[com.google.firebase:firebase-installations:18.0.0] AndroidManifest.xml:16:17-130
225                android:value="com.google.firebase.components.ComponentRegistrar" />
225-->[com.google.firebase:firebase-installations:18.0.0] AndroidManifest.xml:17:17-82
226            <meta-data
226-->[com.google.firebase:firebase-installations:18.0.0] AndroidManifest.xml:18:13-20:85
227                android:name="com.google.firebase.components:com.google.firebase.installations.FirebaseInstallationsRegistrar"
227-->[com.google.firebase:firebase-installations:18.0.0] AndroidManifest.xml:19:17-127
228                android:value="com.google.firebase.components.ComponentRegistrar" />
228-->[com.google.firebase:firebase-installations:18.0.0] AndroidManifest.xml:20:17-82
229            <meta-data
229-->[com.google.firebase:firebase-common-ktx:21.0.0] AndroidManifest.xml:12:13-14:85
230                android:name="com.google.firebase.components:com.google.firebase.ktx.FirebaseCommonLegacyRegistrar"
230-->[com.google.firebase:firebase-common-ktx:21.0.0] AndroidManifest.xml:13:17-116
231                android:value="com.google.firebase.components.ComponentRegistrar" />
231-->[com.google.firebase:firebase-common-ktx:21.0.0] AndroidManifest.xml:14:17-82
232            <meta-data
232-->[com.google.firebase:firebase-common:21.0.0] AndroidManifest.xml:35:13-37:85
233                android:name="com.google.firebase.components:com.google.firebase.FirebaseCommonKtxRegistrar"
233-->[com.google.firebase:firebase-common:21.0.0] AndroidManifest.xml:36:17-109
234                android:value="com.google.firebase.components.ComponentRegistrar" />
234-->[com.google.firebase:firebase-common:21.0.0] AndroidManifest.xml:37:17-82
235            <meta-data
235-->[com.google.firebase:firebase-abt:21.1.1] AndroidManifest.xml:12:13-14:85
236                android:name="com.google.firebase.components:com.google.firebase.abt.component.AbtRegistrar"
236-->[com.google.firebase:firebase-abt:21.1.1] AndroidManifest.xml:13:17-109
237                android:value="com.google.firebase.components.ComponentRegistrar" />
237-->[com.google.firebase:firebase-abt:21.1.1] AndroidManifest.xml:14:17-82
238            <meta-data
238-->[com.google.firebase:firebase-datatransport:18.2.0] AndroidManifest.xml:25:13-27:85
239                android:name="com.google.firebase.components:com.google.firebase.datatransport.TransportRegistrar"
239-->[com.google.firebase:firebase-datatransport:18.2.0] AndroidManifest.xml:26:17-115
240                android:value="com.google.firebase.components.ComponentRegistrar" />
240-->[com.google.firebase:firebase-datatransport:18.2.0] AndroidManifest.xml:27:17-82
241        </service>
242
243        <provider
243-->[:firebase_messaging] AndroidManifest.xml:43:9-47:38
244            android:name="io.flutter.plugins.firebase.messaging.FlutterFirebaseMessagingInitProvider"
244-->[:firebase_messaging] AndroidManifest.xml:44:13-102